[0mGET / [36m304[0m 75.112 ms - -[0m
[0mGET / [36m304[0m 26.392 ms - -[0m
[0mGET / [36m304[0m 28.056 ms - -[0m
[0mGET / [32m200[0m 149.023 ms - 9001[0m
[0mGET / [32m200[0m 31.117 ms - 9001[0m
[0mGET / [32m200[0m 125.042 ms - 8980[0m
[0mGET / [32m200[0m 33.391 ms - 8980[0m
[0mGET / [36m304[0m 174.058 ms - -[0m
[0mGET /favicon.ico [33m404[0m 12.404 ms - 150[0m
[0mGET /users/sign-in [32m200[0m 28.896 ms - 1678[0m
[0mGET /users/css/layout.css [33m404[0m 27.655 ms - 159[0m
[0mGET /users/css/header.css [33m404[0m 20.954 ms - 159[0m
[0mGET /users/css/footer.css [33m404[0m 29.229 ms - 159[0m
[0mGET /users/auth/google [36m302[0m 4.759 ms - 0[0m
[0mGET /users/auth/google/callback?code=4%2F0AVHEtk4ERh4vwIMhJLeAUCwTmwzOAIJ6U5PZGOogw8_dV3_NVj8KxwDH_O0_5iF_z20zEw&scope=email+profile+https%3A%2F%2Fwww.googleapis.com%2Fauth%2Fuserinfo.profile+https%3A%2F%2Fwww.googleapis.com%2Fauth%2Fuserinfo.email+openid&authuser=1&prompt=consent [36m302[0m 586.115 ms - 46[0m
[0mGET / [32m200[0m 40.394 ms - 14474[0m
[0mGET /users/sign-out [36m302[0m 9.931 ms - 46[0m
[0mGET / [32m200[0m 34.410 ms - 9197[0m
[0mGET /users/sign-in [36m304[0m 6.734 ms - -[0m
[0mGET /users/css/layout.css [33m404[0m 15.182 ms - 159[0m
[0mGET /users/css/header.css [33m404[0m 10.729 ms - 159[0m
[0mGET /users/css/footer.css [33m404[0m 16.434 ms - 159[0m
[0mGET /users/auth/google/callback?code=4%2F0AVHEtk7qfnMthYfRml5ZxJMR0HphN8P7c7NnXGlWCS3Bl5ex4tUH5ly5IRt5nRojnWgOmw&scope=email+profile+https%3A%2F%2Fwww.googleapis.com%2Fauth%2Fuserinfo.profile+https%3A%2F%2Fwww.googleapis.com%2Fauth%2Fuserinfo.email+openid&authuser=1&prompt=consent [36m302[0m 430.062 ms - 46[0m
[0mGET / [32m200[0m 30.638 ms - 14474[0m
[0mGET /users/sign-in [36m302[0m 5.411 ms - 72[0m
[0mGET /users/profile [33m404[0m 4.251 ms - 152[0m
[0mGET /users/auth/google/callback?code=4%2F0AVHEtk5_FTuSI640Wwn0K88F4sf7MqfPlxDNnQASHogEf1jXgUR-5pvfAc1mAVB8Afs7IQ&scope=email+profile+https%3A%2F%2Fwww.googleapis.com%2Fauth%2Fuserinfo.profile+https%3A%2F%2Fwww.googleapis.com%2Fauth%2Fuserinfo.email+openid&authuser=1&prompt=consent [36m302[0m 601.362 ms - 46[0m
[0mGET / [36m304[0m 26.608 ms - -[0m
[0mGET /users/sign-out [36m302[0m 10.498 ms - 46[0m
[0mGET / [32m200[0m 23.151 ms - 9197[0m
[0mGET /users/sign-in [32m200[0m 6.935 ms - 1678[0m
[0mGET /users/css/layout.css [33m404[0m 8.811 ms - 159[0m
[0mGET /users/css/header.css [33m404[0m 7.944 ms - 159[0m
[0mGET /users/css/footer.css [33m404[0m 9.453 ms - 159[0m
[0mGET / [32m200[0m 29.411 ms - 8980[0m
[0mGET /users/sign-in [36m304[0m 5.751 ms - -[0m
[0mGET /users/css/layout.css [33m404[0m 8.383 ms - 159[0m
[0mGET /users/css/header.css [33m404[0m 5.903 ms - 159[0m
[0mGET /users/css/footer.css [33m404[0m 9.728 ms - 159[0m
[0mPOST /users/create-session [36m302[0m 6.223 ms - 72[0m
[0mGET /users/sign-in [32m200[0m 4.647 ms - 1898[0m
[0mGET /users/css/layout.css [33m404[0m 11.840 ms - 159[0m
[0mGET /users/css/header.css [33m404[0m 9.025 ms - 159[0m
[0mGET /users/css/footer.css [33m404[0m 11.675 ms - 159[0m
[0mPOST /users/create-session [36m302[0m 8.787 ms - 46[0m
[0mGET / [32m200[0m 30.948 ms - 14954[0m
[0mGET /users/sign-out [36m302[0m 16.621 ms - 46[0m
[0mGET / [32m200[0m 40.231 ms - 9197[0m
[0mGET /users/sign-in [32m200[0m 4.977 ms - 1678[0m
[0mGET /users/css/layout.css [33m404[0m 9.881 ms - 159[0m
[0mGET /users/css/header.css [33m404[0m 5.909 ms - 159[0m
[0mGET /users/css/footer.css [33m404[0m 7.882 ms - 159[0m
[0mGET / [32m200[0m 34.345 ms - 8980[0m
[0mGET /users/sign-in [36m304[0m 7.096 ms - -[0m
[0mGET /users/css/layout.css [33m404[0m 11.506 ms - 159[0m
[0mGET /users/css/header.css [33m404[0m 6.647 ms - 159[0m
[0mGET /users/css/footer.css [33m404[0m 8.575 ms - 159[0m
[0mGET / [36m304[0m 31.948 ms - -[0m
[0mGET /users/sign-in [36m304[0m 4.405 ms - -[0m
[0mGET /users/css/layout.css [33m404[0m 10.832 ms - 159[0m
[0mGET /users/css/header.css [33m404[0m 6.726 ms - 159[0m
[0mGET /users/css/footer.css [33m404[0m 7.915 ms - 159[0m
[0mGET /users/profile [33m404[0m 2.981 ms - 152[0m
[0mGET / [32m200[0m 28.515 ms - 8980[0m
[0mGET /favicon.ico [33m404[0m 6.388 ms - 150[0m
[0mGET /users/sign-in [32m200[0m 4.686 ms - 1678[0m
[0mGET /users/css/layout.css [33m404[0m 15.282 ms - 159[0m
[0mGET /users/css/header.css [33m404[0m 13.308 ms - 159[0m
[0mGET /users/css/footer.css [33m404[0m 13.785 ms - 159[0m
[0mGET /users/sign-in [36m304[0m 5.452 ms - -[0m
[0mGET /users/css/layout.css [33m404[0m 6.593 ms - 159[0m
[0mGET /users/css/header.css [33m404[0m 8.236 ms - 159[0m
[0mGET /users/css/footer.css [33m404[0m 8.332 ms - 159[0m
[0mGET /users/css/layout.css [33m404[0m 4.412 ms - 159[0m
[0mGET /users/css/header.css [33m404[0m 5.988 ms - 159[0m
[0mGET /users/css/footer.css [33m404[0m 7.194 ms - 159[0m
[0mGET /users/auth/google/callback?code=4%2F0AVHEtk65_wtKQ3DiQ7dfI06uCxLtPFFv9M_6vvPz8Wu0BAOFySqAaXCrZRPPcf1XG5gvhA&scope=email+profile+https%3A%2F%2Fwww.googleapis.com%2Fauth%2Fuserinfo.profile+https%3A%2F%2Fwww.googleapis.com%2Fauth%2Fuserinfo.email+openid&authuser=1&prompt=consent [36m302[0m 419.753 ms - 46[0m
[0mGET / [32m200[0m 31.455 ms - 14474[0m
[0mGET /users/auth/google/callback?code=4%2F0AVHEtk6O_WODXuS7uoQT7Fon9ol2ZQdk65V3yOikoMO1-yak4BaWYYtrXsWdgw3Yp3sSDQ&scope=email+profile+https%3A%2F%2Fwww.googleapis.com%2Fauth%2Fuserinfo.profile+https%3A%2F%2Fwww.googleapis.com%2Fauth%2Fuserinfo.email+openid&authuser=1&prompt=consent [36m302[0m 429.113 ms - 46[0m
[0mGET / [36m304[0m 22.218 ms - -[0m
[0mGET /users/auth/google/callback?code=4%2F0AVHEtk4JgiYd-z37xsiDXA4j3Nn38RMOjGjEhLCdPB1PQdDWOdeW68GWlmJptRUwSz-qdQ&scope=email+profile+https%3A%2F%2Fwww.googleapis.com%2Fauth%2Fuserinfo.profile+https%3A%2F%2Fwww.googleapis.com%2Fauth%2Fuserinfo.email+openid&authuser=1&prompt=consent [36m302[0m 432.733 ms - 46[0m
[0mGET / [36m304[0m 33.728 ms - -[0m
[0mGET / [32m200[0m 104.929 ms - 9032[0m
[0mGET /users/sign-in [36m304[0m 9.783 ms - -[0m
[0mGET /users/css/layout.css [33m404[0m 17.773 ms - 159[0m
[0mGET /users/css/header.css [33m404[0m 19.195 ms - 159[0m
[0mGET /users/css/footer.css [33m404[0m 20.572 ms - 159[0m
[0mGET /users/css/layout.css [33m404[0m 8.502 ms - 159[0m
[0mGET /users/css/header.css [33m404[0m 10.598 ms - 159[0m
[0mGET /users/css/footer.css [33m404[0m 12.671 ms - 159[0m
[0mGET /users/sign-in [36m304[0m 8.268 ms - -[0m
[0mGET /users/css/layout.css [33m404[0m 14.505 ms - 159[0m
[0mGET /users/css/header.css [33m404[0m 13.304 ms - 159[0m
[0mGET /users/css/footer.css [33m404[0m 16.100 ms - 159[0m
